
*** Running vivado
    with args -log blk_mem_gen_0.vds -m64 -product Vivado -mode batch -messageDb vivado.pb -notrace -source blk_mem_gen_0.tcl


****** Vivado v2017.2 (64-bit)
  **** SW Build 1909853 on Thu Jun 15 18:39:09 MDT 2017
  **** IP Build 1909766 on Thu Jun 15 19:58:00 MDT 2017
    ** Copyright 1986-2017 Xilinx, Inc. All Rights Reserved.

source blk_mem_gen_0.tcl -notrace
Starting RTL Elaboration : Time (s): cpu = 00:00:04 ; elapsed = 00:00:04 . Memory (MB): peak = 322.574 ; gain = 83.777
INFO: [Synth 8-638] synthesizing module 'blk_mem_gen_0' [c:/Users/KuanYi/Vivado_Project/Topic/Topic.srcs/sources_1/ip/blk_mem_gen_0/synth/blk_mem_gen_0.vhd:75]
INFO: [Synth 8-256] done synthesizing module 'blk_mem_gen_0' (11#1) [c:/Users/KuanYi/Vivado_Project/Topic/Topic.srcs/sources_1/ip/blk_mem_gen_0/synth/blk_mem_gen_0.vhd:75]
Finished RTL Elaboration : Time (s): cpu = 00:00:44 ; elapsed = 00:00:45 . Memory (MB): peak = 546.699 ; gain = 307.902
Finished RTL Optimization Phase 1 : Time (s): cpu = 00:00:45 ; elapsed = 00:00:46 . Memory (MB): peak = 546.699 ; gain = 307.902
INFO: [Device 21-403] Loading part xc7z020clg484-1
Constraint Validation Runtime : Time (s): cpu = 00:00:00 ; elapsed = 00:00:00.119 . Memory (MB): peak = 801.754 ; gain = 0.000
Finished Constraint Validation : Time (s): cpu = 00:00:52 ; elapsed = 00:00:54 . Memory (MB): peak = 801.754 ; gain = 562.957
Finished Loading Part and Timing Information : Time (s): cpu = 00:00:52 ; elapsed = 00:00:54 . Memory (MB): peak = 801.754 ; gain = 562.957
Finished applying 'set_property' XDC Constraints : Time (s): cpu = 00:00:52 ; elapsed = 00:00:54 . Memory (MB): peak = 801.754 ; gain = 562.957
Finished RTL Optimization Phase 2 : Time (s): cpu = 00:00:52 ; elapsed = 00:00:54 . Memory (MB): peak = 801.754 ; gain = 562.957
Finished Cross Boundary and Area Optimization : Time (s): cpu = 00:00:52 ; elapsed = 00:00:55 . Memory (MB): peak = 801.754 ; gain = 562.957
Finished Applying XDC Timing Constraints : Time (s): cpu = 00:00:59 ; elapsed = 00:01:02 . Memory (MB): peak = 801.754 ; gain = 562.957
Finished Timing Optimization : Time (s): cpu = 00:00:59 ; elapsed = 00:01:02 . Memory (MB): peak = 801.754 ; gain = 562.957
Finished Technology Mapping : Time (s): cpu = 00:00:59 ; elapsed = 00:01:02 . Memory (MB): peak = 803.602 ; gain = 564.805
Finished IO Insertion : Time (s): cpu = 00:01:00 ; elapsed = 00:01:02 . Memory (MB): peak = 803.602 ; gain = 564.805
Finished Renaming Generated Instances : Time (s): cpu = 00:01:00 ; elapsed = 00:01:02 . Memory (MB): peak = 803.602 ; gain = 564.805
Finished Rebuilding User Hierarchy : Time (s): cpu = 00:01:00 ; elapsed = 00:01:02 . Memory (MB): peak = 803.602 ; gain = 564.805
Finished Renaming Generated Ports : Time (s): cpu = 00:01:00 ; elapsed = 00:01:02 . Memory (MB): peak = 803.602 ; gain = 564.805
Finished Handling Custom Attributes : Time (s): cpu = 00:01:00 ; elapsed = 00:01:02 . Memory (MB): peak = 803.602 ; gain = 564.805
Finished Renaming Generated Nets : Time (s): cpu = 00:01:00 ; elapsed = 00:01:02 . Memory (MB): peak = 803.602 ; gain = 564.805

Report Cell Usage: 
+------+------------+------+
|      |Cell        |Count |
+------+------------+------+
|1     |LUT1        |     1|
|2     |LUT2        |     2|
|3     |LUT3        |    16|
|4     |RAMB36E1    |     1|
|5     |RAMB36E1_1  |     1|
|6     |RAMB36E1_10 |     1|
|7     |RAMB36E1_11 |     1|
|8     |RAMB36E1_12 |     1|
|9     |RAMB36E1_13 |     1|
|10    |RAMB36E1_14 |     1|
|11    |RAMB36E1_15 |     1|
|12    |RAMB36E1_16 |     1|
|13    |RAMB36E1_17 |     1|
|14    |RAMB36E1_2  |     8|
|15    |RAMB36E1_3  |     8|
|16    |RAMB36E1_4  |     1|
|17    |RAMB36E1_5  |     1|
|18    |RAMB36E1_6  |     1|
|19    |RAMB36E1_7  |     1|
|20    |RAMB36E1_8  |     1|
|21    |RAMB36E1_9  |     1|
|22    |FDRE        |     4|
+------+------------+------+
Finished Writing Synthesis Report : Time (s): cpu = 00:01:00 ; elapsed = 00:01:02 . Memory (MB): peak = 803.602 ; gain = 564.805
synth_design: Time (s): cpu = 00:01:01 ; elapsed = 00:01:04 . Memory (MB): peak = 803.602 ; gain = 566.430
