Copyright 1986-2017 Xilinx, Inc. All Rights Reserved.
-------------------------------------------------------------------------------------------------------------------------------------------
| Tool Version     : Vivado v.2017.2 (win64) Build 1909853 Thu Jun 15 18:39:09 MDT 2017
| Date             : Tue Jun  4 23:02:07 2024
| Host             : DESKTOP-NIPFRBE running 64-bit major release  (build 9200)
| Command          : report_power -file VGA_TOP_power_routed.rpt -pb VGA_TOP_power_summary_routed.pb -rpx VGA_TOP_power_routed.rpx
| Design           : VGA_TOP
| Device           : xc7z020clg484-1
| Design State     : routed
| Grade            : commercial
| Process          : typical
| Characterization : Production
-------------------------------------------------------------------------------------------------------------------------------------------

Power Report

Table of Contents
-----------------
1. Summary
1.1 On-Chip Components
1.2 Power Supply Summary
1.3 Confidence Level
2. Settings
2.1 Environment
2.2 Clock Constraints
3. Detailed Reports
3.1 By Hierarchy

1. Summary
----------

+--------------------------+-------+
| Total On-Chip Power (W)  | 0.256 |
| Dynamic (W)              | 0.127 |
| Device Static (W)        | 0.130 |
| Effective TJA (C/W)      | 11.5  |
| Max Ambient (C)          | 82.0  |
| Junction Temperature (C) | 28.0  |
| Confidence Level         | Low   |
| Setting File             | ---   |
| Simulation Activity File | ---   |
| Design Nets Matched      | NA    |
+--------------------------+-------+


1.1 On-Chip Components
----------------------

+----------------+-----------+----------+-----------+-----------------+
| On-Chip        | Power (W) | Used     | Available | Utilization (%) |
+----------------+-----------+----------+-----------+-----------------+
| Clocks         |     0.006 |        5 |       --- |             --- |
| Slice Logic    |    <0.001 |     1166 |       --- |             --- |
|   LUT as Logic |    <0.001 |      494 |     53200 |            0.93 |
|   CARRY4       |    <0.001 |       15 |     13300 |            0.11 |
|   Register     |    <0.001 |       94 |    106400 |            0.09 |
|   Others       |     0.000 |      376 |       --- |             --- |
|   F7/F8 Muxes  |     0.000 |      176 |     53200 |            0.33 |
| Signals        |     0.001 |     1398 |       --- |             --- |
| Block RAM      |     0.002 |    122.5 |       140 |           87.50 |
| MMCM           |     0.116 |        1 |         4 |           25.00 |
| I/O            |     0.001 |       19 |       200 |            9.50 |
| Static Power   |     0.130 |          |           |                 |
| Total          |     0.256 |          |           |                 |
+----------------+-----------+----------+-----------+-----------------+


1.2 Power Supply Summary
------------------------

+-----------+-------------+-----------+-------------+------------+
| Source    | Voltage (V) | Total (A) | Dynamic (A) | Static (A) |
+-----------+-------------+-----------+-------------+------------+
| Vccint    |       1.000 |     0.020 |       0.010 |      0.010 |
| Vccaux    |       1.800 |     0.083 |       0.064 |      0.019 |
| Vcco33    |       3.300 |     0.001 |       0.000 |      0.001 |
| Vcco25    |       2.500 |     0.000 |       0.000 |      0.000 |
| Vcco18    |       1.800 |     0.000 |       0.000 |      0.000 |
| Vcco15    |       1.500 |     0.000 |       0.000 |      0.000 |
| Vcco135   |       1.350 |     0.000 |       0.000 |      0.000 |
| Vcco12    |       1.200 |     0.000 |       0.000 |      0.000 |
| Vccaux_io |       1.800 |     0.000 |       0.000 |      0.000 |
| Vccbram   |       1.000 |     0.005 |       0.000 |      0.005 |
| MGTAVcc   |       1.000 |     0.000 |       0.000 |      0.000 |
| MGTAVtt   |       1.200 |     0.000 |       0.000 |      0.000 |
| MGTVccaux |       1.800 |     0.000 |       0.000 |      0.000 |
| Vccpint   |       1.000 |     0.017 |       0.000 |      0.017 |
| Vccpaux   |       1.800 |     0.010 |       0.000 |      0.010 |
| Vccpll    |       1.800 |     0.003 |       0.000 |      0.003 |
| Vcco_ddr  |       1.500 |     0.000 |       0.000 |      0.000 |
| Vcco_mio0 |       1.800 |     0.000 |       0.000 |      0.000 |
| Vcco_mio1 |       1.800 |     0.000 |       0.000 |      0.000 |
| Vccadc    |       1.800 |     0.020 |       0.000 |      0.020 |
+-----------+-------------+-----------+-------------+------------+


1.3 Confidence Level
--------------------

+-----------------------------+------------+--------------------------------------------------------+------------------------------------------------------------------------------------------------------------+
| User Input Data             | Confidence | Details                                                | Action                                                                                                     |
+-----------------------------+------------+--------------------------------------------------------+------------------------------------------------------------------------------------------------------------+
| Design implementation state | High       | Design is routed                                       |                                                                                                            |
| Clock nodes activity        | High       | User specified more than 95% of clocks                 |                                                                                                            |
| I/O nodes activity          | Low        | More than 75% of inputs are missing user specification | Provide missing input activity with simulation results or by editing the "By Resource Type -> I/Os" view   |
| Internal nodes activity     | Medium     | User specified less than 25% of internal nodes         | Provide missing internal nodes activity with simulation results or by editing the "By Resource Type" views |
| Device models               | High       | Device models are Production                           |                                                                                                            |
|                             |            |                                                        |                                                                                                            |
| Overall confidence level    | Low        |                                                        |                                                                                                            |
+-----------------------------+------------+--------------------------------------------------------+------------------------------------------------------------------------------------------------------------+


2. Settings
-----------

2.1 Environment
---------------

+-----------------------+------------------------+
| Ambient Temp (C)      | 25.0                   |
| ThetaJA (C/W)         | 11.5                   |
| Airflow (LFM)         | 250                    |
| Heat Sink             | none                   |
| ThetaSA (C/W)         | 0.0                    |
| Board Selection       | medium (10"x10")       |
| # of Board Layers     | 8to11 (8 to 11 Layers) |
| Board Temperature (C) | 25.0                   |
+-----------------------+------------------------+


2.2 Clock Constraints
---------------------

+--------------------------+-------------------------------------+-----------------+
| Clock                    | Domain                              | Constraint (ns) |
+--------------------------+-------------------------------------+-----------------+
| clk_out1_clk_wiz_0       | clk_wiz_0_0/inst/clk_out1_clk_wiz_0 |            40.0 |
| clk_wiz_0_0/inst/clk_in1 | clk_IBUF_BUFG                       |            10.0 |
| clkfbout_clk_wiz_0       | clk_wiz_0_0/inst/clkfbout_clk_wiz_0 |            10.0 |
+--------------------------+-------------------------------------+-----------------+


3. Detailed Reports
-------------------

3.1 By Hierarchy
----------------

+----------------------------------------------+-----------+
| Name                                         | Power (W) |
+----------------------------------------------+-----------+
| VGA_TOP                                      |     0.127 |
|   blk_mem_gen0                               |     0.006 |
|     U0                                       |     0.006 |
|       inst_blk_mem_gen                       |     0.006 |
|         gnbram.gnativebmg.native_blk_mem_gen |     0.006 |
|           valid.cstr                         |     0.006 |
|             has_mux_a.A                      |     0.000 |
|             has_mux_b.B                      |    <0.001 |
|             ramloop[0].ram.r                 |     0.002 |
|               prim_init.ram                  |     0.002 |
|             ramloop[100].ram.r               |    <0.001 |
|               prim_init.ram                  |    <0.001 |
|             ramloop[101].ram.r               |    <0.001 |
|               prim_init.ram                  |    <0.001 |
|             ramloop[102].ram.r               |    <0.001 |
|               prim_init.ram                  |    <0.001 |
|             ramloop[103].ram.r               |    <0.001 |
|               prim_init.ram                  |    <0.001 |
|             ramloop[104].ram.r               |    <0.001 |
|               prim_init.ram                  |    <0.001 |
|             ramloop[105].ram.r               |    <0.001 |
|               prim_init.ram                  |    <0.001 |
|             ramloop[106].ram.r               |    <0.001 |
|               prim_init.ram                  |    <0.001 |
|             ramloop[107].ram.r               |    <0.001 |
|               prim_init.ram                  |    <0.001 |
|             ramloop[108].ram.r               |    <0.001 |
|               prim_init.ram                  |    <0.001 |
|             ramloop[109].ram.r               |    <0.001 |
|               prim_init.ram                  |    <0.001 |
|             ramloop[10].ram.r                |    <0.001 |
|               prim_init.ram                  |    <0.001 |
|             ramloop[110].ram.r               |    <0.001 |
|               prim_init.ram                  |    <0.001 |
|             ramloop[111].ram.r               |    <0.001 |
|               prim_init.ram                  |    <0.001 |
|             ramloop[112].ram.r               |    <0.001 |
|               prim_init.ram                  |    <0.001 |
|             ramloop[113].ram.r               |    <0.001 |
|               prim_init.ram                  |    <0.001 |
|             ramloop[114].ram.r               |    <0.001 |
|               prim_init.ram                  |    <0.001 |
|             ramloop[115].ram.r               |    <0.001 |
|               prim_init.ram                  |    <0.001 |
|             ramloop[116].ram.r               |    <0.001 |
|               prim_init.ram                  |    <0.001 |
|             ramloop[117].ram.r               |    <0.001 |
|               prim_init.ram                  |    <0.001 |
|             ramloop[118].ram.r               |    <0.001 |
|               prim_init.ram                  |    <0.001 |
|             ramloop[119].ram.r               |    <0.001 |
|               prim_init.ram                  |    <0.001 |
|             ramloop[11].ram.r                |    <0.001 |
|               prim_init.ram                  |    <0.001 |
|             ramloop[120].ram.r               |    <0.001 |
|               prim_init.ram                  |    <0.001 |
|             ramloop[121].ram.r               |    <0.001 |
|               prim_init.ram                  |    <0.001 |
|             ramloop[122].ram.r               |    <0.001 |
|               prim_init.ram                  |    <0.001 |
|             ramloop[12].ram.r                |    <0.001 |
|               prim_init.ram                  |    <0.001 |
|             ramloop[13].ram.r                |    <0.001 |
|               prim_init.ram                  |    <0.001 |
|             ramloop[14].ram.r                |    <0.001 |
|               prim_init.ram                  |    <0.001 |
|             ramloop[15].ram.r                |    <0.001 |
|               prim_init.ram                  |    <0.001 |
|             ramloop[16].ram.r                |    <0.001 |
|               prim_init.ram                  |    <0.001 |
|             ramloop[17].ram.r                |    <0.001 |
|               prim_init.ram                  |    <0.001 |
|             ramloop[18].ram.r                |    <0.001 |
|               prim_init.ram                  |    <0.001 |
|             ramloop[19].ram.r                |    <0.001 |
|               prim_init.ram                  |    <0.001 |
|             ramloop[1].ram.r                 |    <0.001 |
|               prim_init.ram                  |    <0.001 |
|             ramloop[20].ram.r                |    <0.001 |
|               prim_init.ram                  |    <0.001 |
|             ramloop[21].ram.r                |    <0.001 |
|               prim_init.ram                  |    <0.001 |
|             ramloop[22].ram.r                |    <0.001 |
|               prim_init.ram                  |    <0.001 |
|             ramloop[23].ram.r                |    <0.001 |
|               prim_init.ram                  |    <0.001 |
|             ramloop[24].ram.r                |    <0.001 |
|               prim_init.ram                  |    <0.001 |
|             ramloop[25].ram.r                |    <0.001 |
|               prim_init.ram                  |    <0.001 |
|             ramloop[26].ram.r                |    <0.001 |
|               prim_init.ram                  |    <0.001 |
|             ramloop[27].ram.r                |    <0.001 |
|               prim_init.ram                  |    <0.001 |
|             ramloop[28].ram.r                |    <0.001 |
|               prim_init.ram                  |    <0.001 |
|             ramloop[29].ram.r                |    <0.001 |
|               prim_init.ram                  |    <0.001 |
|             ramloop[2].ram.r                 |    <0.001 |
|               prim_init.ram                  |    <0.001 |
|             ramloop[30].ram.r                |    <0.001 |
|               prim_init.ram                  |    <0.001 |
|             ramloop[31].ram.r                |    <0.001 |
|               prim_init.ram                  |    <0.001 |
|             ramloop[32].ram.r                |    <0.001 |
|               prim_init.ram                  |    <0.001 |
|             ramloop[33].ram.r                |    <0.001 |
|               prim_init.ram                  |    <0.001 |
|             ramloop[34].ram.r                |    <0.001 |
|               prim_init.ram                  |    <0.001 |
|             ramloop[35].ram.r                |    <0.001 |
|               prim_init.ram                  |    <0.001 |
|             ramloop[36].ram.r                |    <0.001 |
|               prim_init.ram                  |    <0.001 |
|             ramloop[37].ram.r                |    <0.001 |
|               prim_init.ram                  |    <0.001 |
|             ramloop[38].ram.r                |    <0.001 |
|               prim_init.ram                  |    <0.001 |
|             ramloop[39].ram.r                |    <0.001 |
|               prim_init.ram                  |    <0.001 |
|             ramloop[3].ram.r                 |    <0.001 |
|               prim_init.ram                  |    <0.001 |
|             ramloop[40].ram.r                |    <0.001 |
|               prim_init.ram                  |    <0.001 |
|             ramloop[41].ram.r                |    <0.001 |
|               prim_init.ram                  |    <0.001 |
|             ramloop[42].ram.r                |    <0.001 |
|               prim_init.ram                  |    <0.001 |
|             ramloop[43].ram.r                |    <0.001 |
|               prim_init.ram                  |    <0.001 |
|             ramloop[44].ram.r                |    <0.001 |
|               prim_init.ram                  |    <0.001 |
|             ramloop[45].ram.r                |    <0.001 |
|               prim_init.ram                  |    <0.001 |
|             ramloop[46].ram.r                |    <0.001 |
|               prim_init.ram                  |    <0.001 |
|             ramloop[47].ram.r                |    <0.001 |
|               prim_init.ram                  |    <0.001 |
|             ramloop[48].ram.r                |    <0.001 |
|               prim_init.ram                  |    <0.001 |
|             ramloop[49].ram.r                |    <0.001 |
|               prim_init.ram                  |    <0.001 |
|             ramloop[4].ram.r                 |    <0.001 |
|               prim_init.ram                  |    <0.001 |
|             ramloop[50].ram.r                |    <0.001 |
|               prim_init.ram                  |    <0.001 |
|             ramloop[51].ram.r                |    <0.001 |
|               prim_init.ram                  |    <0.001 |
|             ramloop[52].ram.r                |    <0.001 |
|               prim_init.ram                  |    <0.001 |
|             ramloop[53].ram.r                |    <0.001 |
|               prim_init.ram                  |    <0.001 |
|             ramloop[54].ram.r                |    <0.001 |
|               prim_init.ram                  |    <0.001 |
|             ramloop[55].ram.r                |    <0.001 |
|               prim_init.ram                  |    <0.001 |
|             ramloop[56].ram.r                |    <0.001 |
|               prim_init.ram                  |    <0.001 |
|             ramloop[57].ram.r                |    <0.001 |
|               prim_init.ram                  |    <0.001 |
|             ramloop[58].ram.r                |    <0.001 |
|               prim_init.ram                  |    <0.001 |
|             ramloop[59].ram.r                |    <0.001 |
|               prim_init.ram                  |    <0.001 |
|             ramloop[5].ram.r                 |    <0.001 |
|               prim_init.ram                  |    <0.001 |
|             ramloop[60].ram.r                |    <0.001 |
|               prim_init.ram                  |    <0.001 |
|             ramloop[61].ram.r                |    <0.001 |
|               prim_init.ram                  |    <0.001 |
|             ramloop[62].ram.r                |    <0.001 |
|               prim_init.ram                  |    <0.001 |
|             ramloop[63].ram.r                |    <0.001 |
|               prim_init.ram                  |    <0.001 |
|             ramloop[64].ram.r                |    <0.001 |
|               prim_init.ram                  |    <0.001 |
|             ramloop[65].ram.r                |    <0.001 |
|               prim_init.ram                  |    <0.001 |
|             ramloop[66].ram.r                |    <0.001 |
|               prim_init.ram                  |    <0.001 |
|             ramloop[67].ram.r                |    <0.001 |
|               prim_init.ram                  |    <0.001 |
|             ramloop[68].ram.r                |    <0.001 |
|               prim_init.ram                  |    <0.001 |
|             ramloop[69].ram.r                |    <0.001 |
|               prim_init.ram                  |    <0.001 |
|             ramloop[6].ram.r                 |    <0.001 |
|               prim_init.ram                  |    <0.001 |
|             ramloop[70].ram.r                |    <0.001 |
|               prim_init.ram                  |    <0.001 |
|             ramloop[71].ram.r                |    <0.001 |
|               prim_init.ram                  |    <0.001 |
|             ramloop[72].ram.r                |    <0.001 |
|               prim_init.ram                  |    <0.001 |
|             ramloop[73].ram.r                |    <0.001 |
|               prim_init.ram                  |    <0.001 |
|             ramloop[74].ram.r                |    <0.001 |
|               prim_init.ram                  |    <0.001 |
|             ramloop[75].ram.r                |    <0.001 |
|               prim_init.ram                  |    <0.001 |
|             ramloop[76].ram.r                |    <0.001 |
|               prim_init.ram                  |    <0.001 |
|             ramloop[77].ram.r                |    <0.001 |
|               prim_init.ram                  |    <0.001 |
|             ramloop[78].ram.r                |    <0.001 |
|               prim_init.ram                  |    <0.001 |
|             ramloop[79].ram.r                |    <0.001 |
|               prim_init.ram                  |    <0.001 |
|             ramloop[7].ram.r                 |    <0.001 |
|               prim_init.ram                  |    <0.001 |
|             ramloop[80].ram.r                |    <0.001 |
|               prim_init.ram                  |    <0.001 |
|             ramloop[81].ram.r                |    <0.001 |
|               prim_init.ram                  |    <0.001 |
|             ramloop[82].ram.r                |    <0.001 |
|               prim_init.ram                  |    <0.001 |
|             ramloop[83].ram.r                |    <0.001 |
|               prim_init.ram                  |    <0.001 |
|             ramloop[84].ram.r                |    <0.001 |
|               prim_init.ram                  |    <0.001 |
|             ramloop[85].ram.r                |    <0.001 |
|               prim_init.ram                  |    <0.001 |
|             ramloop[86].ram.r                |    <0.001 |
|               prim_init.ram                  |    <0.001 |
|             ramloop[87].ram.r                |    <0.001 |
|               prim_init.ram                  |    <0.001 |
|             ramloop[88].ram.r                |    <0.001 |
|               prim_init.ram                  |    <0.001 |
|             ramloop[89].ram.r                |    <0.001 |
|               prim_init.ram                  |    <0.001 |
|             ramloop[8].ram.r                 |    <0.001 |
|               prim_init.ram                  |    <0.001 |
|             ramloop[90].ram.r                |    <0.001 |
|               prim_init.ram                  |    <0.001 |
|             ramloop[91].ram.r                |    <0.001 |
|               prim_init.ram                  |    <0.001 |
|             ramloop[92].ram.r                |    <0.001 |
|               prim_init.ram                  |    <0.001 |
|             ramloop[93].ram.r                |    <0.001 |
|               prim_init.ram                  |    <0.001 |
|             ramloop[94].ram.r                |    <0.001 |
|               prim_init.ram                  |    <0.001 |
|             ramloop[95].ram.r                |    <0.001 |
|               prim_init.ram                  |    <0.001 |
|             ramloop[96].ram.r                |    <0.001 |
|               prim_init.ram                  |    <0.001 |
|             ramloop[97].ram.r                |    <0.001 |
|               prim_init.ram                  |    <0.001 |
|             ramloop[98].ram.r                |    <0.001 |
|               prim_init.ram                  |    <0.001 |
|             ramloop[99].ram.r                |    <0.001 |
|               prim_init.ram                  |    <0.001 |
|             ramloop[9].ram.r                 |    <0.001 |
|               prim_init.ram                  |    <0.001 |
|   clk_wiz_0_0                                |     0.117 |
|     inst                                     |     0.117 |
|   encoder_0                                  |     0.002 |
|   vga_ctrl_0                                 |    <0.001 |
+----------------------------------------------+-----------+


