
*** Running vivado
    with args -log blk_mem_gen_0.vds -m64 -product Vivado -mode batch -messageDb vivado.pb -notrace -source blk_mem_gen_0.tcl


****** Vivado v2017.2 (64-bit)
  **** SW Build 1909853 on Thu Jun 15 18:39:09 MDT 2017
  **** IP Build 1909766 on Thu Jun 15 19:58:00 MDT 2017
    ** Copyright 1986-2017 Xilinx, Inc. All Rights Reserved.

source blk_mem_gen_0.tcl -notrace
Starting RTL Elaboration : Time (s): cpu = 00:00:03 ; elapsed = 00:00:04 . Memory (MB): peak = 323.094 ; gain = 84.074
INFO: [Synth 8-638] synthesizing module 'blk_mem_gen_0' [c:/Users/KuanYi/Vivado_Project/Topic/Topic.srcs/sources_1/ip/blk_mem_gen_0/synth/blk_mem_gen_0.vhd:75]
INFO: [Synth 8-256] done synthesizing module 'blk_mem_gen_0' (11#1) [c:/Users/KuanYi/Vivado_Project/Topic/Topic.srcs/sources_1/ip/blk_mem_gen_0/synth/blk_mem_gen_0.vhd:75]
Finished RTL Elaboration : Time (s): cpu = 00:01:22 ; elapsed = 00:01:23 . Memory (MB): peak = 575.785 ; gain = 336.766
Finished RTL Optimization Phase 1 : Time (s): cpu = 00:01:23 ; elapsed = 00:01:24 . Memory (MB): peak = 575.785 ; gain = 336.766
INFO: [Device 21-403] Loading part xc7z020clg484-1
Constraint Validation Runtime : Time (s): cpu = 00:00:00 ; elapsed = 00:00:00.027 . Memory (MB): peak = 762.586 ; gain = 0.000
Finished Constraint Validation : Time (s): cpu = 00:01:31 ; elapsed = 00:01:32 . Memory (MB): peak = 762.586 ; gain = 523.566
Finished Loading Part and Timing Information : Time (s): cpu = 00:01:31 ; elapsed = 00:01:32 . Memory (MB): peak = 762.586 ; gain = 523.566
Finished applying 'set_property' XDC Constraints : Time (s): cpu = 00:01:31 ; elapsed = 00:01:32 . Memory (MB): peak = 762.586 ; gain = 523.566
Finished RTL Optimization Phase 2 : Time (s): cpu = 00:01:32 ; elapsed = 00:01:34 . Memory (MB): peak = 762.586 ; gain = 523.566
Finished Cross Boundary and Area Optimization : Time (s): cpu = 00:01:34 ; elapsed = 00:01:36 . Memory (MB): peak = 762.586 ; gain = 523.566
Finished Applying XDC Timing Constraints : Time (s): cpu = 00:01:41 ; elapsed = 00:01:42 . Memory (MB): peak = 762.586 ; gain = 523.566
Finished Timing Optimization : Time (s): cpu = 00:01:41 ; elapsed = 00:01:43 . Memory (MB): peak = 762.586 ; gain = 523.566
Finished Technology Mapping : Time (s): cpu = 00:01:41 ; elapsed = 00:01:43 . Memory (MB): peak = 762.586 ; gain = 523.566
Finished IO Insertion : Time (s): cpu = 00:01:41 ; elapsed = 00:01:43 . Memory (MB): peak = 762.586 ; gain = 523.566
Finished Renaming Generated Instances : Time (s): cpu = 00:01:41 ; elapsed = 00:01:43 . Memory (MB): peak = 762.586 ; gain = 523.566
Finished Rebuilding User Hierarchy : Time (s): cpu = 00:01:41 ; elapsed = 00:01:43 . Memory (MB): peak = 762.586 ; gain = 523.566
Finished Renaming Generated Ports : Time (s): cpu = 00:01:41 ; elapsed = 00:01:43 . Memory (MB): peak = 762.586 ; gain = 523.566
Finished Handling Custom Attributes : Time (s): cpu = 00:01:41 ; elapsed = 00:01:43 . Memory (MB): peak = 762.586 ; gain = 523.566
Finished Renaming Generated Nets : Time (s): cpu = 00:01:41 ; elapsed = 00:01:43 . Memory (MB): peak = 762.586 ; gain = 523.566

Report Cell Usage: 
+------+------------+------+
|      |Cell        |Count |
+------+------------+------+
|1     |LUT2        |     9|
|2     |LUT3        |     8|
|3     |LUT4        |     6|
|4     |LUT5        |    22|
|5     |LUT6        |   464|
|6     |MUXF7       |   160|
|7     |MUXF8       |    64|
|8     |RAMB36E1    |     1|
|9     |RAMB36E1_1  |     1|
|10    |RAMB36E1_10 |     1|
|11    |RAMB36E1_11 |     1|
|12    |RAMB36E1_12 |     1|
|13    |RAMB36E1_13 |     1|
|14    |RAMB36E1_14 |     1|
|15    |RAMB36E1_15 |     1|
|16    |RAMB36E1_16 |    59|
|17    |RAMB36E1_2  |     1|
|18    |RAMB36E1_3  |     1|
|19    |RAMB36E1_4  |     1|
|20    |RAMB36E1_5  |     1|
|21    |RAMB36E1_6  |     1|
|22    |RAMB36E1_7  |     1|
|23    |RAMB36E1_8  |     1|
|24    |RAMB36E1_9  |     1|
|25    |FDRE        |    28|
+------+------------+------+
Finished Writing Synthesis Report : Time (s): cpu = 00:01:41 ; elapsed = 00:01:43 . Memory (MB): peak = 762.586 ; gain = 523.566
synth_design: Time (s): cpu = 00:01:44 ; elapsed = 00:01:45 . Memory (MB): peak = 762.586 ; gain = 525.195
